<?xml version="1.0" encoding="UTF-8"?>
<!-- Generated by org.testng.reporters.JUnitXMLReporter -->
<testsuite ignored="0" hostname="Nikhil19" failures="1" tests="5" name="Second" time="0.037" errors="0" timestamp="2022-07-05T21:35:02 IST">
  <testcase classname="Annotations.Test3" name="basketball" time="0.002"/>
  <testcase classname="Annotations.Test3" name="football" time="0.001"/>
  <testcase classname="Annotations.Test4" name="Degree" time="0.001"/>
  <testcase classname="Annotations.Test4" name="Master" time="0.002"/>
  <testcase classname="Annotations.Test4" name="before" time="0.0">
    <failure type="org.testng.TestNGException" message="
Parameter &amp;apos;Baseurl&amp;apos; is required by @Test on method before but has not been marked @Optional or defined
in E:\Software\Eclipse\workspace\SeleniumFour_Test_NG\testng2.xml">
      <![CDATA[org.testng.TestNGException: 
Parameter 'Baseurl' is required by @Test on method before but has not been marked @Optional or defined
in E:\Software\Eclipse\workspace\SeleniumFour_Test_NG\testng2.xml
at java.base/java.util.ArrayList.forEach(ArrayList.java:1511)
... Removed 26 stack frames]]>
    </failure>
  </testcase> <!-- before -->
</testsuite> <!-- Second -->
