<?xml version="1.0" encoding="UTF-8"?>
<!-- Generated by org.testng.reporters.JUnitXMLReporter -->
<testsuite ignored="4" hostname="Nikhil19" failures="1" tests="3" name="Test" time="0.128" errors="0" timestamp="2022-07-03T12:11:33 IST">
  <testcase classname="Annotations.Test1" name="sub" time="0.026">
    <failure type="java.lang.AssertionError" message="expected [true] but found [false]">
      <![CDATA[java.lang.AssertionError: expected [true] but found [false]
at Annotations.Test1.sub(Test1.java:21)
at java.base/java.util.ArrayList.forEach(ArrayList.java:1511)
... Removed 31 stack frames]]>
    </failure>
  </testcase> <!-- sub -->
  <testcase classname="Annotations.Test2" name="bike" time="0.005"/>
  <testcase classname="Annotations.Test3" name="basketball" time="0.006"/>
  <testcase classname="Annotations.Test3" name="football" time="0.0">
    <ignored/>
  </testcase> <!-- football -->
  <testcase classname="Annotations.Test2" name="car" time="0.0">
    <ignored/>
  </testcase> <!-- car -->
  <testcase classname="Annotations.Test1" name="mul" time="0.0">
    <ignored/>
  </testcase> <!-- mul -->
  <testcase classname="Annotations.Test2" name="bus" time="0.0">
    <ignored/>
  </testcase> <!-- bus -->
</testsuite> <!-- Test -->
