<?xml version="1.0" encoding="UTF-8"?>
<testng-results ignored="4" total="10" passed="5" failed="1" skipped="0">
  <reporter-output>
  </reporter-output>
  <suite started-at="2022-07-03T12:11:33 IST" name="Suite" finished-at="2022-07-03T12:11:33 IST" duration-ms="341">
    <groups>
      <group name="smoke">
        <method signature="Test1.sub()[pri:0, instance:Annotations.Test1@15bbf42f]" name="sub" class="Annotations.Test1"/>
        <method signature="Test2.bike()[pri:0, instance:Annotations.Test2@793be5ca]" name="bike" class="Annotations.Test2"/>
        <method signature="Test3.basketball()[pri:0, instance:Annotations.Test3@2df9b86]" name="basketball" class="Annotations.Test3"/>
        <method signature="Test4.Degree()[pri:0, instance:Annotations.Test4@18d87d80]" name="Degree" class="Annotations.Test4"/>
      </group> <!-- smoke -->
    </groups>
    <test started-at="2022-07-03T12:11:33 IST" name="Test" finished-at="2022-07-03T12:11:33 IST" duration-ms="128">
      <class name="Annotations.Test1">
        <test-method signature="sub()[pri:0, instance:Annotations.Test1@15bbf42f]" started-at="2022-07-03T12:11:33 IST" name="sub" finished-at="2022-07-03T12:11:33 IST" duration-ms="26" status="FAIL">
          <exception class="java.lang.AssertionError">
            <message>
              <![CDATA[expected [true] but found [false]]]>
            </message>
            <full-stacktrace>
              <![CDATA[java.lang.AssertionError: expected [true] but found [false]
at org.testng.Assert.fail(Assert.java:99)
at org.testng.Assert.failNotEquals(Assert.java:1037)
at org.testng.Assert.assertTrue(Assert.java:45)
at org.testng.Assert.assertTrue(Assert.java:55)
at Annotations.Test1.sub(Test1.java:21)
at java.base/jdk.internal.reflect.NativeMethodAccessorImpl.invoke0(Native Method)
at java.base/jdk.internal.reflect.NativeMethodAccessorImpl.invoke(NativeMethodAccessorImpl.java:78)
at java.base/jdk.internal.reflect.DelegatingMethodAccessorImpl.invoke(DelegatingMethodAccessorImpl.java:43)
at java.base/java.lang.reflect.Method.invoke(Method.java:567)
at org.testng.internal.MethodInvocationHelper.invokeMethod(MethodInvocationHelper.java:133)
at org.testng.internal.TestInvoker.invokeMethod(TestInvoker.java:598)
at org.testng.internal.TestInvoker.invokeTestMethod(TestInvoker.java:173)
at org.testng.internal.MethodRunner.runInSequence(MethodRunner.java:46)
at org.testng.internal.TestInvoker$MethodInvocationAgent.invoke(TestInvoker.java:824)
at org.testng.internal.TestInvoker.invokeTestMethods(TestInvoker.java:146)
at org.testng.internal.TestMethodWorker.invokeTestMethods(TestMethodWorker.java:146)
at org.testng.internal.TestMethodWorker.run(TestMethodWorker.java:128)
at java.base/java.util.ArrayList.forEach(ArrayList.java:1511)
at org.testng.TestRunner.privateRun(TestRunner.java:794)
at org.testng.TestRunner.run(TestRunner.java:596)
at org.testng.SuiteRunner.runTest(SuiteRunner.java:377)
at org.testng.SuiteRunner.runSequentially(SuiteRunner.java:371)
at org.testng.SuiteRunner.privateRun(SuiteRunner.java:332)
at org.testng.SuiteRunner.run(SuiteRunner.java:276)
at org.testng.SuiteRunnerWorker.runSuite(SuiteRunnerWorker.java:53)
at org.testng.SuiteRunnerWorker.run(SuiteRunnerWorker.java:96)
at org.testng.TestNG.runSuitesSequentially(TestNG.java:1212)
at org.testng.TestNG.runSuitesLocally(TestNG.java:1134)
at org.testng.TestNG.runSuites(TestNG.java:1063)
at org.testng.TestNG.run(TestNG.java:1031)
at org.testng.remote.AbstractRemoteTestNG.run(AbstractRemoteTestNG.java:115)
at org.testng.remote.RemoteTestNG.initAndRun(RemoteTestNG.java:251)
at org.testng.remote.RemoteTestNG.main(RemoteTestNG.java:77)
]]>
            </full-stacktrace>
          </exception> <!-- java.lang.AssertionError -->
          <reporter-output>
          </reporter-output>
        </test-method> <!-- sub -->
      </class> <!-- Annotations.Test1 -->
      <class name="Annotations.Test2">
        <test-method signature="bike()[pri:0, instance:Annotations.Test2@793be5ca]" started-at="2022-07-03T12:11:33 IST" name="bike" finished-at="2022-07-03T12:11:33 IST" duration-ms="5" status="PASS">
          <reporter-output>
          </reporter-output>
        </test-method> <!-- bike -->
      </class> <!-- Annotations.Test2 -->
      <class name="Annotations.Test3">
        <test-method signature="basketball()[pri:0, instance:Annotations.Test3@2df9b86]" started-at="2022-07-03T12:11:33 IST" name="basketball" finished-at="2022-07-03T12:11:33 IST" duration-ms="6" status="PASS">
          <reporter-output>
          </reporter-output>
        </test-method> <!-- basketball -->
      </class> <!-- Annotations.Test3 -->
    </test> <!-- Test -->
    <test started-at="2022-07-03T12:11:33 IST" name="Para" finished-at="2022-07-03T12:11:33 IST" duration-ms="88">
      <class name="Annotations.Test4">
        <test-method signature="Degree()[pri:0, instance:Annotations.Test4@18d87d80]" started-at="2022-07-03T12:11:33 IST" name="Degree" finished-at="2022-07-03T12:11:33 IST" duration-ms="2" status="PASS">
          <reporter-output>
          </reporter-output>
        </test-method> <!-- Degree -->
        <test-method is-config="true" signature="Puc()[pri:0, instance:Annotations.Test4@18d87d80]" started-at="2022-07-03T12:11:33 IST" name="Puc" finished-at="2022-07-03T12:11:33 IST" duration-ms="3" status="PASS">
          <reporter-output>
          </reporter-output>
        </test-method> <!-- Puc -->
        <test-method signature="Master()[pri:0, instance:Annotations.Test4@18d87d80]" started-at="2022-07-03T12:11:33 IST" name="Master" finished-at="2022-07-03T12:11:33 IST" duration-ms="2" status="PASS">
          <reporter-output>
          </reporter-output>
        </test-method> <!-- Master -->
        <test-method is-config="true" signature="Puc()[pri:0, instance:Annotations.Test4@18d87d80]" started-at="2022-07-03T12:11:33 IST" name="Puc" finished-at="2022-07-03T12:11:33 IST" duration-ms="2" status="PASS">
          <reporter-output>
          </reporter-output>
        </test-method> <!-- Puc -->
        <test-method signature="before(java.lang.String,java.lang.String)[pri:0, instance:Annotations.Test4@18d87d80]" started-at="2022-07-03T12:11:33 IST" name="before" finished-at="2022-07-03T12:11:33 IST" duration-ms="27" status="PASS">
          <params>
            <param index="0">
              <value>
                <![CDATA[https://courses.letskodeit.com/practice]]>
              </value>
            </param>
            <param index="1">
              <value>
                <![CDATA[niki]]>
              </value>
            </param>
          </params>
          <reporter-output>
          </reporter-output>
        </test-method> <!-- before -->
        <test-method is-config="true" signature="Puc()[pri:0, instance:Annotations.Test4@18d87d80]" started-at="2022-07-03T12:11:33 IST" name="Puc" finished-at="2022-07-03T12:11:33 IST" duration-ms="1" status="PASS">
          <reporter-output>
          </reporter-output>
        </test-method> <!-- Puc -->
        <test-method is-config="true" signature="after()[pri:0, instance:Annotations.Test4@18d87d80]" started-at="2022-07-03T12:11:33 IST" name="after" finished-at="2022-07-03T12:11:33 IST" duration-ms="1" status="PASS">
          <reporter-output>
          </reporter-output>
        </test-method> <!-- after -->
      </class> <!-- Annotations.Test4 -->
    </test> <!-- Para -->
  </suite> <!-- Suite -->
</testng-results>
